<?xml version="1.0" encoding="utf-8"?><testsuites name="pytest tests"><testsuite name="pytest" errors="0" failures="0" skipped="0" tests="21" time="2.515" timestamp="2026-03-14T22:04:19.977760+00:00" hostname="agent-env-9c739317-1b88-49e9-8e34-0c36c65bfee7"><testcase classname="backend.tests.test_p3_analytics_community_refunds.TestOrganizerAnalytics" name="test_analytics_default_all_period" time="0.561" /><testcase classname="backend.tests.test_p3_analytics_community_refunds.TestOrganizerAnalytics" name="test_analytics_period_30d" time="0.055" /><testcase classname="backend.tests.test_p3_analytics_community_refunds.TestOrganizerAnalytics" name="test_analytics_period_90d" time="0.067" /><testcase classname="backend.tests.test_p3_analytics_community_refunds.TestOrganizerAnalytics" name="test_analytics_period_365d" time="0.057" /><testcase classname="backend.tests.test_p3_analytics_community_refunds.TestOrganizerAnalytics" name="test_analytics_returns_events_breakdown" time="0.059" /><testcase classname="backend.tests.test_p3_analytics_community_refunds.TestOrganizerAnalytics" name="test_analytics_returns_monthly_trend" time="0.059" /><testcase classname="backend.tests.test_p3_analytics_community_refunds.TestOrganizerAnalytics" name="test_analytics_unauthorized_without_token" time="0.050" /><testcase classname="backend.tests.test_p3_analytics_community_refunds.TestCommunityPagination" name="test_community_posts_default_page" time="0.119" /><testcase classname="backend.tests.test_p3_analytics_community_refunds.TestCommunityPagination" name="test_community_posts_with_page_param" time="0.055" /><testcase classname="backend.tests.test_p3_analytics_community_refunds.TestCommunityPagination" name="test_community_posts_page_2" time="0.053" /><testcase classname="backend.tests.test_p3_analytics_community_refunds.TestCommunityPagination" name="test_community_post_create" time="0.068" /><testcase classname="backend.tests.test_p3_analytics_community_refunds.TestCommunityPagination" name="test_community_post_like" time="0.119" /><testcase classname="backend.tests.test_p3_analytics_community_refunds.TestCommunityPagination" name="test_community_post_replies" time="0.103" /><testcase classname="backend.tests.test_p3_analytics_community_refunds.TestCommunityPagination" name="test_community_create_reply" time="0.150" /><testcase classname="backend.tests.test_p3_analytics_community_refunds.TestRefundsAdmin" name="test_refunds_all_no_filter" time="0.399" /><testcase classname="backend.tests.test_p3_analytics_community_refunds.TestRefundsAdmin" name="test_refunds_filter_pending" time="0.057" /><testcase classname="backend.tests.test_p3_analytics_community_refunds.TestRefundsAdmin" name="test_refunds_filter_approved" time="0.064" /><testcase classname="backend.tests.test_p3_analytics_community_refunds.TestRefundsAdmin" name="test_refunds_filter_rejected" time="0.058" /><testcase classname="backend.tests.test_p3_analytics_community_refunds.TestRefundsAdmin" name="test_refunds_stats_include_totals" time="0.056" /><testcase classname="backend.tests.test_p3_analytics_community_refunds.TestRefundsAdmin" name="test_refunds_unauthorized_without_admin" time="0.052" /><testcase classname="backend.tests.test_p3_analytics_community_refunds.TestCleanup" name="test_cleanup_test_posts" time="0.122" /></testsuite></testsuites>