<?xml version="1.0" encoding="utf-8"?><testsuites name="pytest tests"><testsuite name="pytest" errors="0" failures="0" skipped="0" tests="11" time="1.614" timestamp="2026-03-15T08:27:27.966640+00:00" hostname="agent-env-d6009e0c-c4f6-4f6d-9c10-77276c242b0c"><testcase classname="tests.test_organizer_finances.TestOrganizerRevenueBreakdown" name="test_revenue_breakdown_requires_auth" time="0.143" /><testcase classname="tests.test_organizer_finances.TestOrganizerRevenueBreakdown" name="test_revenue_breakdown_returns_200" time="0.441" /><testcase classname="tests.test_organizer_finances.TestOrganizerRevenueBreakdown" name="test_response_has_sources_with_5_keys" time="0.106" /><testcase classname="tests.test_organizer_finances.TestOrganizerRevenueBreakdown" name="test_source_structure_has_required_fields" time="0.113" /><testcase classname="tests.test_organizer_finances.TestOrganizerRevenueBreakdown" name="test_source_labels_are_correct" time="0.098" /><testcase classname="tests.test_organizer_finances.TestOrganizerRevenueBreakdown" name="test_grand_totals_present" time="0.101" /><testcase classname="tests.test_organizer_finances.TestOrganizerRevenueBreakdown" name="test_monthly_has_12_entries" time="0.102" /><testcase classname="tests.test_organizer_finances.TestOrganizerRevenueBreakdown" name="test_monthly_entry_structure" time="0.107" /><testcase classname="tests.test_organizer_finances.TestOrganizerRevenueBreakdown" name="test_events_breakdown_structure" time="0.111" /><testcase classname="tests.test_organizer_finances.TestOrganizerRevenueBreakdown" name="test_recent_transactions_structure" time="0.114" /><testcase classname="tests.test_organizer_finances.TestOrganizerRevenueBreakdown" name="test_data_consistency" time="0.119" /></testsuite></testsuites>