<?xml version="1.0" encoding="utf-8"?><testsuites name="pytest tests"><testsuite name="pytest" errors="0" failures="0" skipped="1" tests="20" time="4.679" timestamp="2026-03-14T00:43:21.746676+00:00" hostname="agent-env-9a5f4c2e-f65e-4317-8838-8da100e32531"><testcase classname="backend.tests.test_provider_widgets_notifications.TestProviderAuth" name="test_provider_login_success" time="0.392" /><testcase classname="backend.tests.test_provider_widgets_notifications.TestProviderFinancialBreakdown" name="test_financial_breakdown_returns_200" time="0.458" /><testcase classname="backend.tests.test_provider_widgets_notifications.TestProviderFinancialBreakdown" name="test_financial_breakdown_structure" time="0.178" /><testcase classname="backend.tests.test_provider_widgets_notifications.TestProviderFinancialBreakdown" name="test_financial_breakdown_organizer_data" time="0.109" /><testcase classname="backend.tests.test_provider_widgets_notifications.TestProviderFinancialBreakdown" name="test_financial_breakdown_requires_auth" time="0.122" /><testcase classname="backend.tests.test_provider_widgets_notifications.TestProviderSalesBreakdown" name="test_sales_breakdown_returns_200" time="0.471" /><testcase classname="backend.tests.test_provider_widgets_notifications.TestProviderSalesBreakdown" name="test_sales_breakdown_structure" time="0.129" /><testcase classname="backend.tests.test_provider_widgets_notifications.TestProviderSalesBreakdown" name="test_sales_breakdown_product_data" time="0.129" /><testcase classname="backend.tests.test_provider_widgets_notifications.TestProviderSalesBreakdown" name="test_sales_breakdown_category_data" time="0.116" /><testcase classname="backend.tests.test_provider_widgets_notifications.TestProviderSalesBreakdown" name="test_sales_breakdown_requires_auth" time="0.117" /><testcase classname="backend.tests.test_provider_widgets_notifications.TestNotificationsAPI" name="test_get_notifications_returns_200" time="0.454" /><testcase classname="backend.tests.test_provider_widgets_notifications.TestNotificationsAPI" name="test_get_notifications_structure" time="0.110" /><testcase classname="backend.tests.test_provider_widgets_notifications.TestNotificationsAPI" name="test_get_unread_count_returns_200" time="0.146" /><testcase classname="backend.tests.test_provider_widgets_notifications.TestNotificationsAPI" name="test_mark_notifications_read" time="0.136" /><testcase classname="backend.tests.test_provider_widgets_notifications.TestNotificationsAPI" name="test_notifications_require_auth" time="0.259" /><testcase classname="backend.tests.test_provider_widgets_notifications.TestNotificationsAPI" name="test_notification_created_on_message" time="0.435"><skipped type="pytest.skip" message="Could not get participant user_id">/app/backend/tests/test_provider_widgets_notifications.py:308: Could not get participant user_id</skipped></testcase><testcase classname="backend.tests.test_provider_widgets_notifications.TestProviderDashboardTabs" name="test_provider_catalog" time="0.458" /><testcase classname="backend.tests.test_provider_widgets_notifications.TestProviderDashboardTabs" name="test_provider_stats" time="0.151" /><testcase classname="backend.tests.test_provider_widgets_notifications.TestProviderDashboardTabs" name="test_provider_orders" time="0.105" /><testcase classname="backend.tests.test_provider_widgets_notifications.TestProviderDashboardTabs" name="test_provider_conversations" time="0.118" /></testsuite></testsuites>