<?xml version="1.0" encoding="utf-8"?><testsuites name="pytest tests"><testsuite name="pytest" errors="0" failures="0" skipped="0" tests="10" time="6.319" timestamp="2026-03-15T12:32:20.230066+00:00" hostname="agent-env-8affb529-5498-4ff1-b3c9-f7423e008820"><testcase classname="backend.tests.test_iter52_trial_emails.TestTrialEmailFeature" name="test_check_trials_endpoint_returns_correct_structure" time="0.701" /><testcase classname="backend.tests.test_iter52_trial_emails.TestTrialEmailFeature" name="test_check_trials_details_have_correct_fields" time="0.626" /><testcase classname="backend.tests.test_iter52_trial_emails.TestTrialEmailFeature" name="test_check_trials_requires_admin_role" time="0.765" /><testcase classname="backend.tests.test_iter52_trial_emails.TestTrialEmailFeature" name="test_email_log_endpoint_returns_emails_array" time="0.445" /><testcase classname="backend.tests.test_iter52_trial_emails.TestTrialEmailFeature" name="test_email_log_entries_have_correct_fields" time="0.421" /><testcase classname="backend.tests.test_iter52_trial_emails.TestTrialEmailFeature" name="test_email_log_requires_admin_role" time="0.759" /><testcase classname="backend.tests.test_iter52_trial_emails.TestTrialEmailFeature" name="test_check_trials_creates_email_log_entries" time="0.796" /><testcase classname="backend.tests.test_iter52_trial_emails.TestTrialEmailFeature" name="test_check_trials_template_matching_for_moreati" time="0.632" /><testcase classname="backend.tests.test_iter52_trial_emails.TestTrialEmailFeature" name="test_admin_subscriptions_returns_trial_data" time="0.442" /><testcase classname="backend.tests.test_iter52_trial_emails.TestEmailTemplates" name="test_template_badge_labels_exist_in_details" time="0.670" /></testsuite></testsuites>