<?xml version="1.0" encoding="utf-8"?><testsuites name="pytest tests"><testsuite name="pytest" errors="0" failures="0" skipped="0" tests="14" time="7.057" timestamp="2026-03-14T12:48:47.784711+00:00" hostname="agent-env-f73d65a7-5ca9-412a-accf-e3fedbdb104f"><testcase classname="backend.tests.test_phase_a_event_features.TestPhaseAEventFeatures" name="test_organizer_login" time="0.490" /><testcase classname="backend.tests.test_phase_a_event_features.TestPhaseAEventFeatures" name="test_admin_login" time="0.359" /><testcase classname="backend.tests.test_phase_a_event_features.TestPhaseAEventFeatures" name="test_create_event_with_new_fields" time="0.390" /><testcase classname="backend.tests.test_phase_a_event_features.TestPhaseAEventFeatures" name="test_create_event_default_published_false" time="0.386" /><testcase classname="backend.tests.test_phase_a_event_features.TestPhaseAEventFeatures" name="test_create_event_default_provides_tshirt_true" time="0.400" /><testcase classname="backend.tests.test_phase_a_event_features.TestPhaseAEventFeatures" name="test_get_events_only_published" time="0.475" /><testcase classname="backend.tests.test_phase_a_event_features.TestPhaseAEventFeatures" name="test_get_organizer_events_all" time="0.384" /><testcase classname="backend.tests.test_phase_a_event_features.TestPhaseAEventFeatures" name="test_publish_event" time="0.484" /><testcase classname="backend.tests.test_phase_a_event_features.TestPhaseAEventFeatures" name="test_unpublish_event" time="0.501" /><testcase classname="backend.tests.test_phase_a_event_features.TestPhaseAEventFeatures" name="test_event_with_race_description" time="0.407" /><testcase classname="backend.tests.test_phase_a_event_features.TestPhaseAEventFeatures" name="test_admin_notified_on_new_event" time="0.711" /><testcase classname="backend.tests.test_phase_a_event_features.TestPhaseAEventFeatures" name="test_update_event_regulations_pdf" time="0.492" /><testcase classname="backend.tests.test_phase_a_event_features.TestPhaseAEventFeatures" name="test_update_event_provides_tshirt" time="0.496" /><testcase classname="backend.tests.test_phase_a_event_features.TestCleanup" name="test_cleanup_test_events" time="0.952" /></testsuite></testsuites>