<?xml version="1.0" encoding="utf-8"?><testsuites name="pytest tests"><testsuite name="pytest" errors="0" failures="0" skipped="0" tests="13" time="6.099" timestamp="2026-03-13T23:24:52.428556+00:00" hostname="agent-env-1b08f25c-2ea3-4f27-8ff5-a5a2dd44ae09"><testcase classname="backend.tests.test_iteration24_features.TestNewFeatures" name="test_organizer_logo_get" time="0.512" /><testcase classname="backend.tests.test_iteration24_features.TestNewFeatures" name="test_organizer_logo_post" time="0.407" /><testcase classname="backend.tests.test_iteration24_features.TestNewFeatures" name="test_organizer_logo_post_requires_url" time="0.416" /><testcase classname="backend.tests.test_iteration24_features.TestNewFeatures" name="test_provider_organizer_logos" time="0.395" /><testcase classname="backend.tests.test_iteration24_features.TestNewFeatures" name="test_providers_list" time="0.381" /><testcase classname="backend.tests.test_iteration24_features.TestNewFeatures" name="test_bookings_get_empty" time="0.396" /><testcase classname="backend.tests.test_iteration24_features.TestNewFeatures" name="test_bookings_create" time="0.422" /><testcase classname="backend.tests.test_iteration24_features.TestNewFeatures" name="test_bookings_update" time="0.702" /><testcase classname="backend.tests.test_iteration24_features.TestNewFeatures" name="test_bookings_delete" time="0.459" /><testcase classname="backend.tests.test_iteration24_features.TestNewFeatures" name="test_payment_link_create_booking" time="0.463" /><testcase classname="backend.tests.test_iteration24_features.TestNewFeatures" name="test_payment_link_create_sponsor" time="0.499" /><testcase classname="backend.tests.test_iteration24_features.TestNewFeatures" name="test_payment_link_requires_amount" time="0.429" /><testcase classname="backend.tests.test_iteration24_features.TestCleanup" name="test_cleanup_test_bookings" time="0.562" /></testsuite></testsuites>