<?xml version="1.0" encoding="utf-8"?><testsuites name="pytest tests"><testsuite name="pytest" errors="0" failures="1" skipped="0" tests="38" time="5.977" timestamp="2026-03-14T20:51:22.463325+00:00" hostname="agent-env-a66495f6-2a33-4035-82e7-f473d523d102"><testcase classname="backend.tests.test_p2_features.TestInvoices" name="test_admin_invoices_requires_auth" time="0.120" /><testcase classname="backend.tests.test_p2_features.TestInvoices" name="test_admin_invoices_requires_admin_role" time="0.469" /><testcase classname="backend.tests.test_p2_features.TestInvoices" name="test_admin_invoices_returns_structure" time="0.488" /><testcase classname="backend.tests.test_p2_features.TestCommunity" name="test_get_community_posts_public" time="0.123" /><testcase classname="backend.tests.test_p2_features.TestCommunity" name="test_create_community_post_requires_auth" time="0.106" /><testcase classname="backend.tests.test_p2_features.TestCommunity" name="test_create_community_post_success" time="0.114" /><testcase classname="backend.tests.test_p2_features.TestCommunity" name="test_like_post_requires_auth" time="0.117" /><testcase classname="backend.tests.test_p2_features.TestCommunity" name="test_reply_requires_auth" time="0.104" /><testcase classname="backend.tests.test_p2_features.TestRefunds" name="test_my_refunds_requires_auth" time="0.106" /><testcase classname="backend.tests.test_p2_features.TestRefunds" name="test_my_refunds_returns_list" time="0.104" /><testcase classname="backend.tests.test_p2_features.TestRefunds" name="test_admin_refunds_requires_auth" time="0.101" /><testcase classname="backend.tests.test_p2_features.TestRefunds" name="test_admin_refunds_requires_admin_role" time="0.104" /><testcase classname="backend.tests.test_p2_features.TestRefunds" name="test_admin_refunds_returns_list" time="0.112" /><testcase classname="backend.tests.test_p2_features.TestRfidEquipment" name="test_get_equipment_public" time="0.122" /><testcase classname="backend.tests.test_p2_features.TestRfidEquipment" name="test_equipment_has_required_fields" time="0.107" /><testcase classname="backend.tests.test_p2_features.TestRfidEquipment" name="test_create_rental_requires_auth" time="0.103" /><testcase classname="backend.tests.test_p2_features.TestRfidEquipment" name="test_create_rental_requires_organizer" time="0.112" /><testcase classname="backend.tests.test_p2_features.TestRfidEquipment" name="test_my_rentals_requires_auth" time="0.114" /><testcase classname="backend.tests.test_p2_features.TestRfidEquipment" name="test_my_rentals_returns_list" time="0.469" /><testcase classname="backend.tests.test_p2_features.TestCheckin" name="test_checkin_scan_requires_auth" time="0.108" /><testcase classname="backend.tests.test_p2_features.TestCheckin" name="test_checkin_scan_requires_organizer" time="0.104" /><testcase classname="backend.tests.test_p2_features.TestCheckin" name="test_checkin_stats_requires_auth" time="0.108" /><testcase classname="backend.tests.test_p2_features.TestCheckin" name="test_checkin_stats_requires_organizer" time="0.118"><failure message="assert 200 == 403&#10; +  where 200 = &lt;Response [200]&gt;.status_code">backend/tests/test_p2_features.py:257: in test_checkin_stats_requires_organizer
    assert resp.status_code == 403
E   assert 200 == 403
E    +  where 200 = &lt;Response [200]&gt;.status_code</failure></testcase><testcase classname="backend.tests.test_p2_features.TestCheckin" name="test_checkin_search_requires_auth" time="0.127" /><testcase classname="backend.tests.test_p2_features.TestCheckin" name="test_checkin_search_requires_organizer" time="0.103" /><testcase classname="backend.tests.test_p2_features.TestAnalytics" name="test_analytics_requires_auth" time="0.104" /><testcase classname="backend.tests.test_p2_features.TestAnalytics" name="test_analytics_requires_organizer" time="0.124" /><testcase classname="backend.tests.test_p2_features.TestAnalytics" name="test_analytics_returns_structure" time="0.104" /><testcase classname="backend.tests.test_p2_features.TestSmsNotifications" name="test_sms_history_requires_auth" time="0.117" /><testcase classname="backend.tests.test_p2_features.TestSmsNotifications" name="test_sms_history_requires_organizer" time="0.196" /><testcase classname="backend.tests.test_p2_features.TestSmsNotifications" name="test_sms_history_returns_list" time="0.104" /><testcase classname="backend.tests.test_p2_features.TestSmsNotifications" name="test_sms_send_requires_auth" time="0.122" /><testcase classname="backend.tests.test_p2_features.TestSmsNotifications" name="test_sms_send_requires_organizer" time="0.130" /><testcase classname="backend.tests.test_p2_features.TestSmsNotifications" name="test_sms_config_requires_auth" time="0.139" /><testcase classname="backend.tests.test_p2_features.TestSmsNotifications" name="test_sms_config_requires_admin" time="0.163" /><testcase classname="backend.tests.test_p2_features.TestSmsNotifications" name="test_sms_config_returns_status" time="0.134" /><testcase classname="backend.tests.test_p2_features.TestIntegration" name="test_rfid_rental_full_flow" time="0.333" /><testcase classname="backend.tests.test_p2_features.TestIntegration" name="test_sms_send_graceful_degradation" time="0.233" /></testsuite></testsuites>