<?xml version="1.0" encoding="utf-8"?><testsuites name="pytest tests"><testsuite name="pytest" errors="0" failures="0" skipped="0" tests="9" time="1.987" timestamp="2026-03-12T13:01:34.660302+00:00" hostname="agent-env-b83b8dfe-c9c3-4d5d-924e-ef711188e793"><testcase classname="backend.tests.test_event_fields.TestEventNewFields" name="test_get_test_event" time="0.147" /><testcase classname="backend.tests.test_event_fields.TestEventNewFields" name="test_event_has_route_url" time="0.113" /><testcase classname="backend.tests.test_event_fields.TestEventNewFields" name="test_event_has_exact_address" time="0.123" /><testcase classname="backend.tests.test_event_fields.TestEventNewFields" name="test_event_has_regulations" time="0.120" /><testcase classname="backend.tests.test_event_fields.TestEventNewFields" name="test_event_has_organizer_name" time="0.113" /><testcase classname="backend.tests.test_event_fields.TestEventNewFields" name="test_event_has_races_with_counters" time="0.117" /><testcase classname="backend.tests.test_event_fields.TestEventNewFields" name="test_create_event_with_new_fields" time="0.603" /><testcase classname="backend.tests.test_event_fields.TestEventNewFields" name="test_update_event_with_new_fields" time="0.481" /><testcase classname="backend.tests.test_event_fields.TestEventDetailAPI" name="test_event_detail_has_all_sections" time="0.112" /></testsuite></testsuites>