<?xml version="1.0" encoding="utf-8"?><testsuites name="pytest tests"><testsuite name="pytest" errors="0" failures="0" skipped="1" tests="12" time="1.785" timestamp="2026-03-15T08:17:33.822992+00:00" hostname="agent-env-d6009e0c-c4f6-4f6d-9c10-77276c242b0c"><testcase classname="backend.tests.test_revenue_breakdown.TestRevenueBreakdownEndpoint" name="test_revenue_breakdown_returns_200" time="0.492" /><testcase classname="backend.tests.test_revenue_breakdown.TestRevenueBreakdownEndpoint" name="test_revenue_breakdown_requires_auth" time="0.151" /><testcase classname="backend.tests.test_revenue_breakdown.TestRevenueBreakdownEndpoint" name="test_revenue_breakdown_requires_admin_role" time="0.093"><skipped type="pytest.skip" message="No non-admin user available for test">/app/backend/tests/test_revenue_breakdown.py:54: No non-admin user available for test</skipped></testcase><testcase classname="backend.tests.test_revenue_breakdown.TestRevenueBreakdownEndpoint" name="test_sources_structure" time="0.099" /><testcase classname="backend.tests.test_revenue_breakdown.TestRevenueBreakdownEndpoint" name="test_source_fields_structure" time="0.111" /><testcase classname="backend.tests.test_revenue_breakdown.TestRevenueBreakdownEndpoint" name="test_source_labels_correct" time="0.095" /><testcase classname="backend.tests.test_revenue_breakdown.TestRevenueBreakdownEndpoint" name="test_grand_total_and_fees" time="0.104" /><testcase classname="backend.tests.test_revenue_breakdown.TestRevenueBreakdownEndpoint" name="test_monthly_array_has_12_entries" time="0.110" /><testcase classname="backend.tests.test_revenue_breakdown.TestRevenueBreakdownEndpoint" name="test_monthly_entry_structure" time="0.129" /><testcase classname="backend.tests.test_revenue_breakdown.TestRevenueBreakdownEndpoint" name="test_recent_transactions_structure" time="0.145" /><testcase classname="backend.tests.test_revenue_breakdown.TestRevenueBreakdownEndpoint" name="test_data_consistency" time="0.100" /><testcase classname="backend.tests.test_revenue_breakdown.TestRevenueBreakdownEndpoint" name="test_actual_data_values" time="0.097" /></testsuite></testsuites>