<?xml version="1.0" encoding="utf-8"?><testsuites name="pytest tests"><testsuite name="pytest" errors="0" failures="0" skipped="0" tests="15" time="3.460" timestamp="2026-03-12T14:28:20.946669+00:00" hostname="agent-env-b83b8dfe-c9c3-4d5d-924e-ef711188e793"><testcase classname="backend.tests.test_new_event_fields.TestNewEventFieldsBackend" name="test_get_event_returns_themes" time="0.205" /><testcase classname="backend.tests.test_new_event_fields.TestNewEventFieldsBackend" name="test_get_event_returns_circuit_type" time="0.150" /><testcase classname="backend.tests.test_new_event_fields.TestNewEventFieldsBackend" name="test_get_event_returns_has_timer" time="0.116" /><testcase classname="backend.tests.test_new_event_fields.TestNewEventFieldsBackend" name="test_get_event_returns_website_url" time="0.157" /><testcase classname="backend.tests.test_new_event_fields.TestNewEventFieldsBackend" name="test_get_event_returns_facebook_url" time="0.152" /><testcase classname="backend.tests.test_new_event_fields.TestNewEventFieldsBackend" name="test_get_event_returns_instagram_url" time="0.144" /><testcase classname="backend.tests.test_new_event_fields.TestNewEventFieldsBackend" name="test_get_event_returns_twitter_url" time="0.108" /><testcase classname="backend.tests.test_new_event_fields.TestNewEventFieldsBackend" name="test_get_event_returns_youtube_url" time="0.127" /><testcase classname="backend.tests.test_new_event_fields.TestNewEventFieldsBackend" name="test_themes_contain_expected_values" time="0.179" /><testcase classname="backend.tests.test_new_event_fields.TestNewEventFieldsBackend" name="test_create_event_with_themes" time="0.616" /><testcase classname="backend.tests.test_new_event_fields.TestNewEventFieldsBackend" name="test_create_event_with_circuit_type" time="0.219" /><testcase classname="backend.tests.test_new_event_fields.TestNewEventFieldsBackend" name="test_create_event_with_has_timer_true" time="0.263" /><testcase classname="backend.tests.test_new_event_fields.TestNewEventFieldsBackend" name="test_create_event_with_has_timer_false" time="0.236" /><testcase classname="backend.tests.test_new_event_fields.TestNewEventFieldsBackend" name="test_create_event_with_social_links" time="0.355" /><testcase classname="backend.tests.test_new_event_fields.TestNewEventFieldsBackend" name="test_create_event_with_all_new_fields" time="0.343" /></testsuite></testsuites>