<?xml version="1.0" encoding="utf-8"?><testsuites name="pytest tests"><testsuite name="pytest" errors="0" failures="0" skipped="0" tests="8" time="2.222" timestamp="2026-03-14T09:25:35.849654+00:00" hostname="agent-env-4cc76395-3ad5-4dbf-ab88-cbe1717c6fd1"><testcase classname="tests.test_provider_images.TestProviderImagesBackend" name="test_create_product_with_images_array" time="0.482" /><testcase classname="tests.test_provider_images.TestProviderImagesBackend" name="test_get_catalog_returns_images_field" time="0.099" /><testcase classname="tests.test_provider_images.TestProviderImagesBackend" name="test_update_product_images_array" time="0.182" /><testcase classname="tests.test_provider_images.TestProviderImagesBackend" name="test_upload_image_as_provider" time="0.104" /><testcase classname="tests.test_provider_images.TestProviderImagesBackend" name="test_pdf_status_returns_page_progress" time="0.112" /><testcase classname="tests.test_provider_images.TestProviderImagesBackend" name="test_cleanup_test_product" time="0.151" /><testcase classname="tests.test_provider_images.TestProviderImageUploadValidation" name="test_create_product_with_empty_images_array" time="0.474" /><testcase classname="tests.test_provider_images.TestProviderImageUploadValidation" name="test_update_product_add_images_to_existing" time="0.550" /></testsuite></testsuites>