<?xml version="1.0" encoding="utf-8"?><testsuites name="pytest tests"><testsuite name="pytest" errors="0" failures="0" skipped="0" tests="16" time="8.087" timestamp="2026-03-11T16:11:18.350425+00:00" hostname="agent-env-d5adec5b-3ea4-48eb-8c91-2c196feff61e"><testcase classname="backend.tests.test_events_crud.TestAuthentication" name="test_organizer_login" time="0.463" /><testcase classname="backend.tests.test_events_crud.TestAuthentication" name="test_participant_login" time="0.372" /><testcase classname="backend.tests.test_events_crud.TestAuthentication" name="test_admin_login" time="0.334" /><testcase classname="backend.tests.test_events_crud.TestOrganizerEventManagement" name="test_get_organizer_events" time="0.501" /><testcase classname="backend.tests.test_events_crud.TestOrganizerEventManagement" name="test_event_has_races_structure" time="0.584" /><testcase classname="backend.tests.test_events_crud.TestOrganizerEventManagement" name="test_create_event_with_races" time="0.509" /><testcase classname="backend.tests.test_events_crud.TestOrganizerEventManagement" name="test_update_event_with_races" time="0.821" /><testcase classname="backend.tests.test_events_crud.TestOrganizerEventManagement" name="test_add_race_to_existing_event" time="0.766" /><testcase classname="backend.tests.test_events_crud.TestOrganizerEventManagement" name="test_remove_race_from_event" time="0.764" /><testcase classname="backend.tests.test_events_crud.TestOrganizerEventManagement" name="test_modify_race_details" time="0.745" /><testcase classname="backend.tests.test_events_crud.TestEventRetrieval" name="test_get_events_list" time="0.111" /><testcase classname="backend.tests.test_events_crud.TestEventRetrieval" name="test_get_featured_events" time="0.112" /><testcase classname="backend.tests.test_events_crud.TestEventRetrieval" name="test_get_single_event" time="0.230" /><testcase classname="backend.tests.test_events_crud.TestParticipantDashboard" name="test_get_participant_registrations" time="0.440" /><testcase classname="backend.tests.test_events_crud.TestAdminDashboard" name="test_admin_get_stats" time="0.501" /><testcase classname="backend.tests.test_events_crud.TestPUTEventEndpointDirectly" name="test_put_event_with_races" time="0.700" /></testsuite></testsuites>