<?xml version="1.0" encoding="utf-8"?><testsuites name="pytest tests"><testsuite name="pytest" errors="0" failures="1" skipped="0" tests="11" time="2.980" timestamp="2026-03-14T10:27:35.390708+00:00" hostname="agent-env-4cc76395-3ad5-4dbf-ab88-cbe1717c6fd1"><testcase classname="backend.tests.test_phase2_selections.TestSelectionWorkflow" name="test_provider_get_selections" time="0.439" /><testcase classname="backend.tests.test_phase2_selections.TestSelectionWorkflow" name="test_provider_selections_stats" time="0.046" /><testcase classname="backend.tests.test_phase2_selections.TestSelectionWorkflow" name="test_get_existing_selection_detail" time="0.103" /><testcase classname="backend.tests.test_phase2_selections.TestSelectionWorkflow" name="test_selection_status_update" time="0.103" /><testcase classname="backend.tests.test_phase2_selections.TestSelectionWorkflow" name="test_customize_selection_product" time="0.099" /><testcase classname="backend.tests.test_phase2_selections.TestSelectionWorkflow" name="test_organizer_adds_provider_product_creates_selection" time="0.604" /><testcase classname="backend.tests.test_phase2_selections.TestSelectionWorkflow" name="test_organizer_get_selections" time="0.046" /><testcase classname="backend.tests.test_phase2_selections.TestSelectionWorkflow" name="test_organizer_products_have_customization_status" time="0.058"><failure message="AssertionError: assert 'customization_status' in {'active': True, 'category': 'Maillot', 'colors': ['Blanc', 'Noir'], 'created_at': '2026-03-14T07:17:07.466117+00:00', ...}">backend/tests/test_phase2_selections.py:280: in test_organizer_products_have_customization_status
    assert "customization_status" in p
E   AssertionError: assert 'customization_status' in {'active': True, 'category': 'Maillot', 'colors': ['Blanc', 'Noir'], 'created_at': '2026-03-14T07:17:07.466117+00:00', ...}</failure></testcase><testcase classname="backend.tests.test_phase2_selections.TestSelectionInvalidCases" name="test_invalid_selection_id" time="0.432" /><testcase classname="backend.tests.test_phase2_selections.TestSelectionInvalidCases" name="test_invalid_status_value" time="0.489" /><testcase classname="backend.tests.test_phase2_selections.TestSelectionInvalidCases" name="test_invalid_product_index" time="0.488" /></testsuite></testsuites>