<?xml version="1.0" encoding="utf-8"?><testsuites name="pytest tests"><testsuite name="pytest" errors="0" failures="0" skipped="0" tests="16" time="7.427" timestamp="2026-03-11T18:15:33.558674+00:00" hostname="agent-env-d5adec5b-3ea4-48eb-8c91-2c196feff61e"><testcase classname="backend.tests.test_export_endpoints.TestExportEndpoints" name="test_admin_export_csv_success" time="0.528" /><testcase classname="backend.tests.test_export_endpoints.TestExportEndpoints" name="test_admin_export_pdf_success" time="0.673" /><testcase classname="backend.tests.test_export_endpoints.TestExportEndpoints" name="test_admin_export_csv_with_date_filter" time="0.456" /><testcase classname="backend.tests.test_export_endpoints.TestExportEndpoints" name="test_admin_export_pdf_with_date_filter" time="0.417" /><testcase classname="backend.tests.test_export_endpoints.TestExportEndpoints" name="test_organizer_export_csv_success" time="0.520" /><testcase classname="backend.tests.test_export_endpoints.TestExportEndpoints" name="test_organizer_export_pdf_success" time="0.490" /><testcase classname="backend.tests.test_export_endpoints.TestExportEndpoints" name="test_organizer_export_with_date_filter" time="0.427" /><testcase classname="backend.tests.test_export_endpoints.TestExportEndpoints" name="test_admin_export_requires_admin_role" time="0.430" /><testcase classname="backend.tests.test_export_endpoints.TestExportEndpoints" name="test_organizer_export_requires_organizer_role" time="0.474" /><testcase classname="backend.tests.test_export_endpoints.TestExportEndpoints" name="test_export_requires_authentication" time="0.206" /><testcase classname="backend.tests.test_export_endpoints.TestExportEndpoints" name="test_csv_semicolon_delimiter" time="0.504" /><testcase classname="backend.tests.test_export_endpoints.TestExportEndpoints" name="test_csv_utf8_bom_encoding" time="0.483" /><testcase classname="backend.tests.test_export_endpoints.TestExportEndpoints" name="test_csv_contains_completed_payments_only" time="0.427" /><testcase classname="backend.tests.test_export_endpoints.TestExportEdgeCases" name="test_invalid_format_parameter" time="0.452" /><testcase classname="backend.tests.test_export_endpoints.TestExportEdgeCases" name="test_empty_date_range" time="0.414" /><testcase classname="backend.tests.test_export_endpoints.TestExportEdgeCases" name="test_future_date_range" time="0.449" /></testsuite></testsuites>