<?xml version="1.0" encoding="utf-8"?><testsuites name="pytest tests"><testsuite name="pytest" errors="0" failures="0" skipped="0" tests="11" time="4.668" timestamp="2026-03-15T09:56:39.569264+00:00" hostname="agent-env-8affb529-5498-4ff1-b3c9-f7423e008820"><testcase classname="backend.tests.test_iter48_features.TestAuthentication" name="test_organizer_login" time="0.350" /><testcase classname="backend.tests.test_iter48_features.TestAuthentication" name="test_participant_login" time="0.336" /><testcase classname="backend.tests.test_iter48_features.TestFreeEventsFeature" name="test_update_event_to_free" time="0.528" /><testcase classname="backend.tests.test_iter48_features.TestFreeEventsFeature" name="test_revert_event_to_paid" time="0.518" /><testcase classname="backend.tests.test_iter48_features.TestSponsorLogosFeature" name="test_update_event_with_sponsor_logos" time="0.517" /><testcase classname="backend.tests.test_iter48_features.TestSponsorLogosFeature" name="test_clear_sponsor_logos" time="0.523" /><testcase classname="backend.tests.test_iter48_features.TestSavedEventsFeature" name="test_save_event_toggle" time="0.526" /><testcase classname="backend.tests.test_iter48_features.TestSavedEventsFeature" name="test_check_is_saved_endpoint" time="0.427" /><testcase classname="backend.tests.test_iter48_features.TestSavedEventsFeature" name="test_get_saved_events_list" time="0.635" /><testcase classname="backend.tests.test_iter48_features.TestEventAPIFields" name="test_event_returns_is_free_field" time="0.094" /><testcase classname="backend.tests.test_iter48_features.TestEventAPIFields" name="test_event_returns_sponsor_logos_field" time="0.145" /></testsuite></testsuites>