<?xml version="1.0" encoding="utf-8"?><testsuites name="pytest tests"><testsuite name="pytest" errors="0" failures="0" skipped="0" tests="5" time="3.486" timestamp="2026-03-14T10:12:16.480570+00:00" hostname="agent-env-4cc76395-3ad5-4dbf-ab88-cbe1717c6fd1"><testcase classname="tests.test_phase1_mods.TestDeleteProviderProducts" name="test_organizer_login_works" time="0.392" /><testcase classname="tests.test_phase1_mods.TestDeleteProviderProducts" name="test_get_organizer_products" time="0.439" /><testcase classname="tests.test_phase1_mods.TestDeleteProviderProducts" name="test_delete_organizer_product_endpoint_exists" time="0.430" /><testcase classname="tests.test_phase1_mods.TestDeleteProviderProducts" name="test_create_and_delete_provider_product_in_organizer_space" time="1.383" /><testcase classname="tests.test_phase1_mods.TestProviderImportTopTex" name="test_lookup_endpoint_works" time="0.789" /></testsuite></testsuites>