<?xml version="1.0" encoding="utf-8"?><testsuites name="pytest tests"><testsuite name="pytest" errors="0" failures="0" skipped="0" tests="8" time="1.705" timestamp="2026-03-11T18:32:05.461956+00:00" hostname="agent-env-d5adec5b-3ea4-48eb-8c91-2c196feff61e"><testcase classname="backend.tests.test_sportlyo_rebrand.TestAPRooting" name="test_api_root_returns_sportlyo" time="0.265" /><testcase classname="backend.tests.test_sportlyo_rebrand.TestAPRooting" name="test_api_health_check" time="0.193" /><testcase classname="backend.tests.test_sportlyo_rebrand.TestWaitlistEmail" name="test_waitlist_email_success" time="0.158" /><testcase classname="backend.tests.test_sportlyo_rebrand.TestWaitlistEmail" name="test_waitlist_email_duplicate" time="0.283" /><testcase classname="backend.tests.test_sportlyo_rebrand.TestWaitlistEmail" name="test_waitlist_email_empty" time="0.118" /><testcase classname="backend.tests.test_sportlyo_rebrand.TestWaitlistEmail" name="test_waitlist_email_missing" time="0.145" /><testcase classname="backend.tests.test_sportlyo_rebrand.TestAuthEndpoints" name="test_login_admin" time="0.347" /><testcase classname="backend.tests.test_sportlyo_rebrand.TestAuthEndpoints" name="test_events_endpoint" time="0.123" /></testsuite></testsuites>