<?xml version="1.0" encoding="utf-8"?><testsuites name="pytest tests"><testsuite name="pytest" errors="0" failures="0" skipped="1" tests="10" time="5.956" timestamp="2026-03-11T16:34:21.623513+00:00" hostname="agent-env-d5adec5b-3ea4-48eb-8c91-2c196feff61e"><testcase classname="backend.tests.test_stripe_payment.TestRegistrationCreation" name="test_get_event_with_races" time="0.609" /><testcase classname="backend.tests.test_stripe_payment.TestRegistrationCreation" name="test_create_registration_with_race_selection" time="0.683"><skipped type="pytest.skip" message="User already registered for this event">/app/backend/tests/test_stripe_payment.py:83: User already registered for this event</skipped></testcase><testcase classname="backend.tests.test_stripe_payment.TestRegistrationCreation" name="test_registration_has_platform_fee" time="0.493" /><testcase classname="backend.tests.test_stripe_payment.TestStripeCheckoutCreation" name="test_create_checkout_session" time="1.061" /><testcase classname="backend.tests.test_stripe_payment.TestPaymentStatus" name="test_get_payment_status_for_session" time="0.878" /><testcase classname="backend.tests.test_stripe_payment.TestAdminPaymentEndpoints" name="test_admin_stats_with_revenue" time="0.478" /><testcase classname="backend.tests.test_stripe_payment.TestAdminPaymentEndpoints" name="test_admin_payments_list" time="0.542" /><testcase classname="backend.tests.test_stripe_payment.TestAdminPaymentEndpoints" name="test_non_admin_cannot_access_stats" time="0.509" /><testcase classname="backend.tests.test_stripe_payment.TestAdminPaymentEndpoints" name="test_non_admin_cannot_access_payments" time="0.470" /><testcase classname="backend.tests.test_stripe_payment.TestEventMinPriceDisplay" name="test_event_returns_races_with_prices" time="0.157" /></testsuite></testsuites>