<?xml version="1.0" encoding="utf-8"?><testsuites name="pytest tests"><testsuite name="pytest" errors="0" failures="0" skipped="0" tests="11" time="9.573" timestamp="2026-03-13T15:14:48.465111+00:00" hostname="agent-env-04170e55-2f45-4f25-9c23-b6b3cd6e6849"><testcase classname="backend.tests.test_messaging.TestMessagingAPI" name="test_01_get_conversations_admin" time="0.876" /><testcase classname="backend.tests.test_messaging.TestMessagingAPI" name="test_02_get_conversations_organizer" time="0.814" /><testcase classname="backend.tests.test_messaging.TestMessagingAPI" name="test_03_admin_get_organizers_list" time="0.818" /><testcase classname="backend.tests.test_messaging.TestMessagingAPI" name="test_04_organizer_get_admins_list" time="0.815" /><testcase classname="backend.tests.test_messaging.TestMessagingAPI" name="test_05_create_conversation" time="0.811" /><testcase classname="backend.tests.test_messaging.TestMessagingAPI" name="test_06_send_message" time="0.874" /><testcase classname="backend.tests.test_messaging.TestMessagingAPI" name="test_07_get_messages" time="0.842" /><testcase classname="backend.tests.test_messaging.TestMessagingAPI" name="test_08_get_unread_count" time="0.861" /><testcase classname="backend.tests.test_messaging.TestMessagingAPI" name="test_09_organizer_reply" time="0.792" /><testcase classname="backend.tests.test_messaging.TestMessagingAPI" name="test_10_unauthorized_access" time="0.873" /><testcase classname="backend.tests.test_messaging.TestMessagingAPI" name="test_11_participant_only_access" time="1.147" /></testsuite></testsuites>