<?xml version="1.0" encoding="utf-8"?><testsuites name="pytest tests"><testsuite name="pytest" errors="0" failures="0" skipped="0" tests="9" time="3.580" timestamp="2026-03-15T12:19:12.728018+00:00" hostname="agent-env-8affb529-5498-4ff1-b3c9-f7423e008820"><testcase classname="backend.tests.test_iter51_revenue_subscriptions.TestRevenueBreakdownWithSubscriptions" name="test_revenue_breakdown_contains_abonnements_source" time="0.529" /><testcase classname="backend.tests.test_iter51_revenue_subscriptions.TestRevenueBreakdownWithSubscriptions" name="test_revenue_breakdown_monthly_has_abonnements" time="0.408" /><testcase classname="backend.tests.test_iter51_revenue_subscriptions.TestRevenueBreakdownWithSubscriptions" name="test_revenue_breakdown_grand_total_includes_subscriptions" time="0.411" /><testcase classname="backend.tests.test_iter51_revenue_subscriptions.TestAdminSubscriptionsForTrialAlerts" name="test_subscriptions_endpoint_returns_list" time="0.367" /><testcase classname="backend.tests.test_iter51_revenue_subscriptions.TestAdminSubscriptionsForTrialAlerts" name="test_subscriptions_have_required_fields_for_trial_alerts" time="0.411" /><testcase classname="backend.tests.test_iter51_revenue_subscriptions.TestAdminSubscriptionsForTrialAlerts" name="test_subscription_stats_structure" time="0.381" /><testcase classname="backend.tests.test_iter51_revenue_subscriptions.TestAdminProviderDetailFlow" name="test_get_detailed_providers_list" time="0.389" /><testcase classname="backend.tests.test_iter51_revenue_subscriptions.TestAdminProviderDetailFlow" name="test_get_provider_detail_with_subscription" time="0.515" /><testcase classname="backend.tests.test_iter51_revenue_subscriptions.TestNonAdminAccess" name="test_revenue_breakdown_requires_admin" time="0.105" /></testsuite></testsuites>