<?xml version="1.0" encoding="utf-8"?><testsuites name="pytest tests"><testsuite name="pytest" errors="0" failures="0" skipped="0" tests="16" time="4.042" timestamp="2026-03-12T07:21:16.950633+00:00" hostname="agent-env-3dccdf07-f35c-472f-9c44-4360cb325301"><testcase classname="backend.tests.test_new_features.TestHealthAndBasics" name="test_api_health" time="0.188" /><testcase classname="backend.tests.test_new_features.TestHealthAndBasics" name="test_api_root" time="0.103" /><testcase classname="backend.tests.test_new_features.TestAuthentication" name="test_participant_login" time="0.363" /><testcase classname="backend.tests.test_new_features.TestAuthentication" name="test_organizer_login" time="0.335" /><testcase classname="backend.tests.test_new_features.TestAuthentication" name="test_admin_login" time="0.327" /><testcase classname="backend.tests.test_new_features.TestRegistrationWithNewFields" name="test_registration_accepts_new_fields" time="0.584" /><testcase classname="backend.tests.test_new_features.TestCheckinEndpoints" name="test_checkin_scan_endpoint_exists" time="0.384" /><testcase classname="backend.tests.test_new_features.TestCheckinEndpoints" name="test_checkin_scan_requires_auth" time="0.139" /><testcase classname="backend.tests.test_new_features.TestCheckinEndpoints" name="test_checkin_stats_endpoint" time="0.372" /><testcase classname="backend.tests.test_new_features.TestRFIDEndpoint" name="test_rfid_read_endpoint_exists" time="0.112" /><testcase classname="backend.tests.test_new_features.TestRFIDEndpoint" name="test_rfid_read_requires_fields" time="0.099" /><testcase classname="backend.tests.test_new_features.TestRFIDEndpoint" name="test_rfid_read_unmatched_chip" time="0.107" /><testcase classname="backend.tests.test_new_features.TestTimingExport" name="test_export_timing_endpoint_exists" time="0.470" /><testcase classname="backend.tests.test_new_features.TestTimingExport" name="test_export_timing_requires_auth" time="0.099" /><testcase classname="backend.tests.test_new_features.TestEvents" name="test_get_events" time="0.136" /><testcase classname="backend.tests.test_new_features.TestEvents" name="test_get_event_detail" time="0.105" /></testsuite></testsuites>