<?xml version="1.0" encoding="utf-8"?><testsuites name="pytest tests"><testsuite name="pytest" errors="0" failures="0" skipped="0" tests="10" time="5.451" timestamp="2026-03-15T07:30:39.414504+00:00" hostname="agent-env-d6009e0c-c4f6-4f6d-9c10-77276c242b0c"><testcase classname="backend.tests.test_volunteers.TestVolunteersCRUD" name="test_get_volunteers_list" time="0.582" /><testcase classname="backend.tests.test_volunteers.TestVolunteersCRUD" name="test_get_volunteers_filter_by_event" time="0.489" /><testcase classname="backend.tests.test_volunteers.TestVolunteersCRUD" name="test_create_volunteer_success" time="0.581" /><testcase classname="backend.tests.test_volunteers.TestVolunteersCRUD" name="test_create_volunteer_missing_required_fields" time="0.753" /><testcase classname="backend.tests.test_volunteers.TestVolunteersCRUD" name="test_update_volunteer" time="0.598" /><testcase classname="backend.tests.test_volunteers.TestVolunteersCRUD" name="test_delete_volunteer" time="0.627" /><testcase classname="backend.tests.test_volunteers.TestVolunteersCRUD" name="test_delete_nonexistent_volunteer" time="0.512" /><testcase classname="backend.tests.test_volunteers.TestVolunteersCRUD" name="test_predefined_roles" time="0.736" /><testcase classname="backend.tests.test_volunteers.TestVolunteersAuth" name="test_volunteers_requires_auth" time="0.102" /><testcase classname="backend.tests.test_volunteers.TestVolunteersAuth" name="test_volunteers_requires_organizer_role" time="0.359" /></testsuite></testsuites>