<?xml version="1.0" encoding="utf-8"?><testsuites name="pytest tests"><testsuite name="pytest" errors="0" failures="0" skipped="0" tests="8" time="2.386" timestamp="2026-03-14T12:59:26.998724+00:00" hostname="agent-env-f73d65a7-5ca9-412a-accf-e3fedbdb104f"><testcase classname="backend.tests.test_phase_b_features.TestPhaseB" name="test_events_api_returns_only_published" time="0.169" /><testcase classname="backend.tests.test_phase_b_features.TestPhaseB" name="test_participant_login" time="0.398" /><testcase classname="backend.tests.test_phase_b_features.TestPhaseB" name="test_new_events_endpoint" time="0.389" /><testcase classname="backend.tests.test_phase_b_features.TestPhaseB" name="test_registration_requires_emergency_contact" time="0.462" /><testcase classname="backend.tests.test_phase_b_features.TestPhaseB" name="test_registration_with_emergency_contact_partial" time="0.419" /><testcase classname="backend.tests.test_phase_b_features.TestPhaseB" name="test_categories_api" time="0.121" /><testcase classname="backend.tests.test_phase_b_features.TestEventsPageFiltering" name="test_events_filter_by_sport_type" time="0.196" /><testcase classname="backend.tests.test_phase_b_features.TestEventsPageFiltering" name="test_events_search" time="0.133" /></testsuite></testsuites>