<?xml version="1.0" encoding="utf-8"?><testsuites name="pytest tests"><testsuite name="pytest" errors="0" failures="0" skipped="0" tests="14" time="5.102" timestamp="2026-03-14T21:51:16.937141+00:00" hostname="agent-env-9c739317-1b88-49e9-8e34-0c36c65bfee7"><testcase classname="backend.tests.test_p3_features.TestInvoicePDF" name="test_get_admin_invoices_list" time="0.639" /><testcase classname="backend.tests.test_p3_features.TestInvoicePDF" name="test_download_invoice_pdf" time="0.413" /><testcase classname="backend.tests.test_p3_features.TestRFIDAdminManagement" name="test_get_rfid_equipment_list" time="0.127" /><testcase classname="backend.tests.test_p3_features.TestRFIDAdminManagement" name="test_get_rfid_stats_admin" time="0.116" /><testcase classname="backend.tests.test_p3_features.TestRFIDAdminManagement" name="test_get_rfid_rentals_admin" time="0.130" /><testcase classname="backend.tests.test_p3_features.TestRFIDAdminManagement" name="test_create_rfid_equipment_admin" time="0.151" /><testcase classname="backend.tests.test_p3_features.TestRFIDAdminManagement" name="test_update_rfid_equipment_admin" time="0.422" /><testcase classname="backend.tests.test_p3_features.TestRFIDAdminManagement" name="test_delete_rfid_equipment_admin" time="0.234" /><testcase classname="backend.tests.test_p3_features.TestRFIDAdminManagement" name="test_process_rfid_rental_admin" time="0.277" /><testcase classname="backend.tests.test_p3_features.TestSMSFeatures" name="test_get_sms_templates_organizer" time="0.454" /><testcase classname="backend.tests.test_p3_features.TestSMSFeatures" name="test_get_sms_recipients_count" time="0.226" /><testcase classname="backend.tests.test_p3_features.TestSMSFeatures" name="test_get_sms_history" time="0.112" /><testcase classname="backend.tests.test_p3_features.TestCheckInFeatures" name="test_get_checkin_stats" time="0.231" /><testcase classname="backend.tests.test_p3_features.TestCheckInFeatures" name="test_checkin_search" time="1.466" /></testsuite></testsuites>