<?xml version="1.0" encoding="utf-8"?><testsuites name="pytest tests"><testsuite name="pytest" errors="0" failures="0" skipped="0" tests="12" time="2.449" timestamp="2026-03-12T08:41:43.557431+00:00" hostname="agent-env-3dccdf07-f35c-472f-9c44-4360cb325301"><testcase classname="backend.tests.test_pps_upload.TestPPSUploadAndVerification" name="test_upload_pps_without_auth_fails" time="0.150" /><testcase classname="backend.tests.test_pps_upload.TestPPSUploadAndVerification" name="test_upload_pps_invalid_registration_fails" time="0.328" /><testcase classname="backend.tests.test_pps_upload.TestPPSUploadAndVerification" name="test_upload_pps_invalid_file_type_fails" time="0.116" /><testcase classname="backend.tests.test_pps_upload.TestPPSUploadAndVerification" name="test_upload_pps_success" time="0.055" /><testcase classname="backend.tests.test_pps_upload.TestPPSUploadAndVerification" name="test_verify_pps_requires_organizer_role" time="0.053" /><testcase classname="backend.tests.test_pps_upload.TestPPSUploadAndVerification" name="test_verify_pps_approve" time="0.331" /><testcase classname="backend.tests.test_pps_upload.TestPPSUploadAndVerification" name="test_verify_pps_reject" time="0.055" /><testcase classname="backend.tests.test_pps_upload.TestPPSUploadAndVerification" name="test_verify_pps_admin_can_verify" time="0.326" /><testcase classname="backend.tests.test_pps_upload.TestPPSUploadAndVerification" name="test_registration_has_pps_status_after_verification" time="0.052" /><testcase classname="backend.tests.test_pps_upload.TestRegistrationAgeCalculation" name="test_registrations_have_age_field" time="0.382" /><testcase classname="backend.tests.test_pps_upload.TestOrganizerRegistrationsTable" name="test_organizer_registrations_include_pps_fields" time="0.426" /><testcase classname="backend.tests.test_pps_upload.TestEventsWithPPSRequired" name="test_event_has_requires_pps_field" time="0.102" /></testsuite></testsuites>