<?xml version="1.0" encoding="utf-8"?><testsuites name="pytest tests"><testsuite name="pytest" errors="0" failures="0" skipped="0" tests="15" time="6.187" timestamp="2026-03-12T08:10:41.963875+00:00" hostname="agent-env-3dccdf07-f35c-472f-9c44-4360cb325301"><testcase classname="backend.tests.test_organizer_features.TestOrganizerAuthentication" name="test_organizer_login_success" time="0.423" /><testcase classname="backend.tests.test_organizer_features.TestOrganizerAuthentication" name="test_admin_login_success" time="0.328" /><testcase classname="backend.tests.test_organizer_features.TestAddParticipantManually" name="test_add_participant_success" time="0.485" /><testcase classname="backend.tests.test_organizer_features.TestAddParticipantManually" name="test_add_participant_requires_auth" time="0.102" /><testcase classname="backend.tests.test_organizer_features.TestAddParticipantManually" name="test_add_participant_requires_name_email" time="0.433" /><testcase classname="backend.tests.test_organizer_features.TestPromoCodesCRUD" name="test_get_promo_codes" time="0.440" /><testcase classname="backend.tests.test_organizer_features.TestPromoCodesCRUD" name="test_create_promo_code" time="0.452" /><testcase classname="backend.tests.test_organizer_features.TestPromoCodesCRUD" name="test_delete_promo_code" time="0.682" /><testcase classname="backend.tests.test_organizer_features.TestContactAdmin" name="test_contact_admin_success" time="0.423" /><testcase classname="backend.tests.test_organizer_features.TestContactAdmin" name="test_contact_admin_requires_auth" time="0.093" /><testcase classname="backend.tests.test_organizer_features.TestAdminMessages" name="test_admin_get_messages" time="0.438" /><testcase classname="backend.tests.test_organizer_features.TestAdminMessages" name="test_admin_messages_requires_admin_role" time="0.435" /><testcase classname="backend.tests.test_organizer_features.TestOrganizerRegistrations" name="test_get_event_registrations" time="0.452" /><testcase classname="backend.tests.test_organizer_features.TestOrganizerRegistrations" name="test_registrations_include_participant_data" time="0.426" /><testcase classname="backend.tests.test_organizer_features.TestExportTiming" name="test_export_timing_csv" time="0.446" /></testsuite></testsuites>