<?xml version="1.0" encoding="utf-8"?><testsuites name="pytest tests"><testsuite name="pytest" errors="0" failures="0" skipped="0" tests="14" time="2.777" timestamp="2026-03-14T00:24:20.435575+00:00" hostname="agent-env-9a5f4c2e-f65e-4317-8838-8da100e32531"><testcase classname="backend.tests.test_participant_dashboard.TestParticipantProfile" name="test_get_profile" time="0.561" /><testcase classname="backend.tests.test_participant_dashboard.TestParticipantProfile" name="test_update_profile" time="0.123" /><testcase classname="backend.tests.test_participant_dashboard.TestParticipantProfile" name="test_update_profile_empty_fields" time="0.120" /><testcase classname="backend.tests.test_participant_dashboard.TestParticipantOrders" name="test_get_orders" time="0.125" /><testcase classname="backend.tests.test_participant_dashboard.TestParticipantStats" name="test_get_stats" time="0.112" /><testcase classname="backend.tests.test_participant_dashboard.TestParticipantUpcoming" name="test_get_upcoming" time="0.118" /><testcase classname="backend.tests.test_participant_dashboard.TestParticipantResults" name="test_get_results" time="0.136" /><testcase classname="backend.tests.test_participant_dashboard.TestParticipantProviders" name="test_get_providers" time="0.109" /><testcase classname="backend.tests.test_participant_dashboard.TestParticipantMessaging" name="test_send_message_to_provider" time="0.607" /><testcase classname="backend.tests.test_participant_dashboard.TestParticipantMessaging" name="test_get_messages_with_provider" time="0.231" /><testcase classname="backend.tests.test_participant_dashboard.TestShopOrderProviderIds" name="test_order_contains_provider_ids" time="0.105" /><testcase classname="backend.tests.test_participant_dashboard.TestAuthenticationRequired" name="test_profile_requires_auth" time="0.137" /><testcase classname="backend.tests.test_participant_dashboard.TestAuthenticationRequired" name="test_orders_requires_auth" time="0.112" /><testcase classname="backend.tests.test_participant_dashboard.TestAuthenticationRequired" name="test_stats_requires_auth" time="0.111" /></testsuite></testsuites>