<?xml version="1.0" encoding="utf-8"?><testsuites name="pytest tests"><testsuite name="pytest" errors="0" failures="0" skipped="0" tests="8" time="1.552" timestamp="2026-03-12T16:17:59.198138+00:00" hostname="agent-env-50c8af6c-2cb6-4882-acf1-b938d18bfb8e"><testcase classname="backend.tests.test_orga_landing_features.TestEventsImageUrls" name="test_get_events_returns_events" time="0.224" /><testcase classname="backend.tests.test_orga_landing_features.TestEventsImageUrls" name="test_all_events_have_unsplash_images" time="0.135" /><testcase classname="backend.tests.test_orga_landing_features.TestEventsImageUrls" name="test_event_images_match_sports" time="0.130" /><testcase classname="backend.tests.test_orga_landing_features.TestEventsImageUrls" name="test_featured_events_endpoint" time="0.143" /><testcase classname="backend.tests.test_orga_landing_features.TestEventsImageUrls" name="test_individual_event_has_image" time="0.240" /><testcase classname="backend.tests.test_orga_landing_features.TestCategoriesEndpoint" name="test_get_categories" time="0.109" /><testcase classname="backend.tests.test_orga_landing_features.TestAuthEndpoints" name="test_login_organizer" time="0.354" /><testcase classname="backend.tests.test_orga_landing_features.TestAuthEndpoints" name="test_login_invalid_credentials" time="0.112" /></testsuite></testsuites>