<?xml version="1.0" encoding="utf-8"?><testsuites name="pytest tests"><testsuite name="pytest" errors="0" failures="0" skipped="0" tests="5" time="2.200" timestamp="2026-03-15T11:24:16.741056+00:00" hostname="agent-env-8affb529-5498-4ff1-b3c9-f7423e008820"><testcase classname="backend.tests.test_subscription_features.TestProviderSubscription" name="test_get_my_subscription" time="0.495" /><testcase classname="backend.tests.test_subscription_features.TestProviderSubscription" name="test_create_payment_returns_url_and_amount" time="0.435" /><testcase classname="backend.tests.test_subscription_features.TestAdminSubscriptions" name="test_admin_get_subscriptions_with_stats" time="0.372" /><testcase classname="backend.tests.test_subscription_features.TestSubscriptionAuth" name="test_non_provider_cannot_access_my_subscription" time="0.441" /><testcase classname="backend.tests.test_subscription_features.TestSubscriptionAuth" name="test_non_admin_cannot_access_admin_subscriptions" time="0.378" /></testsuite></testsuites>