<?xml version="1.0" encoding="utf-8"?><testsuites name="pytest tests"><testsuite name="pytest" errors="0" failures="0" skipped="0" tests="15" time="4.050" timestamp="2026-03-13T22:36:01.959950+00:00" hostname="agent-env-1b08f25c-2ea3-4f27-8ff5-a5a2dd44ae09"><testcase classname="backend.tests.test_provider_feature.TestProviderAuth" name="test_provider_login_success" time="0.534" /><testcase classname="backend.tests.test_provider_feature.TestProviderAuth" name="test_provider_me_endpoint" time="0.448" /><testcase classname="backend.tests.test_provider_feature.TestProviderCatalog" name="test_get_provider_catalog" time="0.113" /><testcase classname="backend.tests.test_provider_feature.TestProviderCatalog" name="test_provider_catalog_has_correct_fields" time="0.117" /><testcase classname="backend.tests.test_provider_feature.TestProviderStats" name="test_get_provider_stats" time="0.107" /><testcase classname="backend.tests.test_provider_feature.TestProviderOrders" name="test_get_provider_orders" time="0.119" /><testcase classname="backend.tests.test_provider_feature.TestOrganizerBrowseProviderCatalog" name="test_organizer_browse_providers_catalog" time="0.460" /><testcase classname="backend.tests.test_provider_feature.TestOrganizerBrowseProviderCatalog" name="test_organizer_add_provider_product_to_event" time="0.232" /><testcase classname="backend.tests.test_provider_feature.TestAdminProviderManagement" name="test_admin_list_providers" time="0.512" /><testcase classname="backend.tests.test_provider_feature.TestAdminProviderManagement" name="test_admin_provider_has_approve_reject_capability" time="0.125" /><testcase classname="backend.tests.test_provider_feature.TestRegisterRoleOptions" name="test_register_with_provider_role_requires_validation" time="0.368" /><testcase classname="backend.tests.test_provider_feature.TestEventShopProducts" name="test_event_shop_returns_products" time="0.114" /><testcase classname="backend.tests.test_provider_feature.TestProviderMessaging" name="test_provider_conversations_endpoint" time="0.108" /><testcase classname="backend.tests.test_provider_feature.TestAccessControl" name="test_organizer_cannot_access_provider_catalog_as_owner" time="0.120" /><testcase classname="backend.tests.test_provider_feature.TestAccessControl" name="test_participant_cannot_access_provider_endpoints" time="0.499" /></testsuite></testsuites>