<?xml version="1.0" encoding="utf-8"?><testsuites name="pytest tests"><testsuite name="pytest" errors="0" failures="0" skipped="1" tests="8" time="1.101" timestamp="2026-03-11T17:39:07.401286+00:00" hostname="agent-env-d5adec5b-3ea4-48eb-8c91-2c196feff61e"><testcase classname="backend.tests.test_commission_model.TestCommissionMath" name="test_35_euro_base_price_calculation" time="0.000" /><testcase classname="backend.tests.test_commission_model.TestCommissionMath" name="test_20_euro_base_price_calculation" time="0.000" /><testcase classname="backend.tests.test_commission_model.TestRegistrationEndpoint" name="test_registration_returns_fee_breakdown" time="0.445" /><testcase classname="backend.tests.test_commission_model.TestAdminPaymentsEndpoint" name="test_admin_payments_returns_totals_structure" time="0.347" /><testcase classname="backend.tests.test_commission_model.TestAdminPaymentsEndpoint" name="test_admin_payments_individual_rows_have_fee_data" time="0.062" /><testcase classname="backend.tests.test_commission_model.TestAdminStatsEndpoint" name="test_admin_stats_returns_financial_totals" time="0.057" /><testcase classname="backend.tests.test_commission_model.TestEventPriceDisplay" name="test_event_has_races_with_prices" time="0.056" /><testcase classname="backend.tests.test_commission_model.TestCheckoutSessionAmount" name="test_checkout_session_creates_with_correct_amount" time="0.065"><skipped type="pytest.skip" message="Cannot create registration: {&quot;detail&quot;:&quot;Already registered&quot;}">/app/backend/tests/test_commission_model.py:325: Cannot create registration: {"detail":"Already registered"}</skipped></testcase></testsuite></testsuites>