<?xml version="1.0" encoding="utf-8"?><testsuites name="pytest tests"><testsuite name="pytest" errors="0" failures="0" skipped="0" tests="16" time="1.528" timestamp="2026-03-12T13:43:53.263076+00:00" hostname="agent-env-b83b8dfe-c9c3-4d5d-924e-ef711188e793"><testcase classname="tests.test_registration_wizard.TestRegistrationWizardFields" name="test_api_health" time="0.175" /><testcase classname="tests.test_registration_wizard.TestRegistrationWizardFields" name="test_login_participant" time="0.288" /><testcase classname="tests.test_registration_wizard.TestRegistrationWizardFields" name="test_get_event_details" time="0.046" /><testcase classname="tests.test_registration_wizard.TestRegistrationWizardFields" name="test_registration_model_accepts_new_fields" time="0.377" /><testcase classname="tests.test_registration_wizard.TestRegistrationWizardFields" name="test_ffa_license_discount_applied" time="0.050" /><testcase classname="tests.test_registration_wizard.TestRegistrationWizardFields" name="test_registration_without_ffa_no_discount" time="0.057" /><testcase classname="tests.test_registration_wizard.TestRegistrationWizardFields" name="test_registration_short_ffa_no_discount" time="0.058" /><testcase classname="tests.test_registration_wizard.TestRegistrationWizardFields" name="test_tshirt_sizes_accepted" time="0.311" /><testcase classname="tests.test_registration_wizard.TestRegistrationWizardFields" name="test_optional_club_name" time="0.046" /><testcase classname="tests.test_registration_wizard.TestRegistrationWizardFields" name="test_emergency_contact_fields" time="0.050" /><testcase classname="tests.test_registration_wizard.TestRegistrationModelFields" name="test_registration_model_has_country" time="0.001" /><testcase classname="tests.test_registration_wizard.TestRegistrationModelFields" name="test_registration_model_has_city" time="0.000" /><testcase classname="tests.test_registration_wizard.TestRegistrationModelFields" name="test_registration_model_has_postal_code" time="0.000" /><testcase classname="tests.test_registration_wizard.TestRegistrationModelFields" name="test_registration_model_has_nationality" time="0.000" /><testcase classname="tests.test_registration_wizard.TestRegistrationModelFields" name="test_registration_model_has_tshirt_size" time="0.000" /><testcase classname="tests.test_registration_wizard.TestRegistrationModelFields" name="test_registration_model_has_ffa_license" time="0.000" /></testsuite></testsuites>