<?xml version="1.0" encoding="utf-8"?><testsuites name="pytest tests"><testsuite name="pytest" errors="0" failures="0" skipped="0" tests="14" time="1.511" timestamp="2026-03-12T07:27:16.328503+00:00" hostname="agent-env-3dccdf07-f35c-472f-9c44-4360cb325301"><testcase classname="backend.tests.test_phase2_features.TestCheckinEndpoint" name="test_checkin_scan_requires_auth" time="0.172" /><testcase classname="backend.tests.test_phase2_features.TestCheckinEndpoint" name="test_checkin_scan_requires_organizer" time="0.342" /><testcase classname="backend.tests.test_phase2_features.TestCheckinEndpoint" name="test_checkin_scan_with_bib_number" time="0.323" /><testcase classname="backend.tests.test_phase2_features.TestCheckinEndpoint" name="test_checkin_scan_requires_bib_or_reg_id" time="0.049" /><testcase classname="backend.tests.test_phase2_features.TestCheckinStats" name="test_checkin_stats_returns_data" time="0.056" /><testcase classname="backend.tests.test_phase2_features.TestTimingResultsWithCategoryFilter" name="test_results_endpoint_public" time="0.056" /><testcase classname="backend.tests.test_phase2_features.TestTimingResultsWithCategoryFilter" name="test_results_returns_categories_list" time="0.051" /><testcase classname="backend.tests.test_phase2_features.TestTimingResultsWithCategoryFilter" name="test_results_category_filter_param" time="0.050" /><testcase classname="backend.tests.test_phase2_features.TestTimingResultsWithCategoryFilter" name="test_results_include_category_rank" time="0.050" /><testcase classname="backend.tests.test_phase2_features.TestExportTimingCSV" name="test_export_timing_requires_auth" time="0.051" /><testcase classname="backend.tests.test_phase2_features.TestExportTimingCSV" name="test_export_timing_requires_organizer" time="0.046" /><testcase classname="backend.tests.test_phase2_features.TestExportTimingCSV" name="test_export_timing_returns_csv" time="0.055" /><testcase classname="backend.tests.test_phase2_features.TestOrganizerDashboardEndpoints" name="test_organizer_events_list" time="0.050" /><testcase classname="backend.tests.test_phase2_features.TestOrganizerDashboardEndpoints" name="test_event_detail_for_results_button" time="0.048" /></testsuite></testsuites>