<?xml version="1.0" encoding="utf-8"?><testsuites name="pytest tests"><testsuite name="pytest" errors="0" failures="0" skipped="0" tests="11" time="4.308" timestamp="2026-03-13T22:54:14.516757+00:00" hostname="agent-env-1b08f25c-2ea3-4f27-8ff5-a5a2dd44ae09"><testcase classname="backend.tests.test_iteration23.TestProviderRoutes" name="test_provider_login" time="0.358" /><testcase classname="backend.tests.test_iteration23.TestProviderRoutes" name="test_provider_catalog_returns_products" time="0.449" /><testcase classname="backend.tests.test_iteration23.TestProviderRoutes" name="test_provider_stats" time="0.463" /><testcase classname="backend.tests.test_iteration23.TestProviderRoutes" name="test_provider_orders" time="0.456" /><testcase classname="backend.tests.test_iteration23.TestOrderInvoice" name="test_participant_login" time="0.383" /><testcase classname="backend.tests.test_iteration23.TestOrderInvoice" name="test_get_event_shop_products" time="0.109" /><testcase classname="backend.tests.test_iteration23.TestOrderInvoice" name="test_place_order_and_get_invoice" time="0.585" /><testcase classname="backend.tests.test_iteration23.TestInvoiceAPI" name="test_get_invoices_for_participant" time="0.438" /><testcase classname="backend.tests.test_iteration23.TestInvoiceAPI" name="test_get_invoices_unauthorized" time="0.101" /><testcase classname="backend.tests.test_iteration23.TestOrganizerBoutiqueAPI" name="test_organizer_shop_stats" time="0.448" /><testcase classname="backend.tests.test_iteration23.TestProvidersCatalogBrowse" name="test_browse_provider_catalogs" time="0.464" /></testsuite></testsuites>