<?xml version="1.0" encoding="utf-8"?><testsuites name="pytest tests"><testsuite name="pytest" errors="0" failures="0" skipped="0" tests="15" time="2.962" timestamp="2026-03-15T11:41:57.979885+00:00" hostname="agent-env-8affb529-5498-4ff1-b3c9-f7423e008820"><testcase classname="tests.test_admin_providers.TestAdminProvidersDetailed" name="test_get_detailed_providers_success" time="0.531" /><testcase classname="tests.test_admin_providers.TestAdminProvidersDetailed" name="test_detailed_providers_unauthorized" time="0.115" /><testcase classname="tests.test_admin_providers.TestAdminProviderDetail" name="test_get_provider_detail_success" time="0.104" /><testcase classname="tests.test_admin_providers.TestAdminProviderDetail" name="test_provider_detail_not_found" time="0.099" /><testcase classname="tests.test_admin_providers.TestAdminProviderStatus" name="test_suspend_provider" time="0.333" /><testcase classname="tests.test_admin_providers.TestAdminProviderStatus" name="test_reactivate_provider" time="0.207" /><testcase classname="tests.test_admin_providers.TestAdminProviderStatus" name="test_invalid_status" time="0.133" /><testcase classname="tests.test_admin_providers.TestAdminProviderStatus" name="test_action_log_updated" time="0.124" /><testcase classname="tests.test_admin_providers.TestAdminSubscriptionActions" name="test_activate_subscription" time="0.101" /><testcase classname="tests.test_admin_providers.TestAdminSubscriptionActions" name="test_extend_subscription" time="0.105" /><testcase classname="tests.test_admin_providers.TestAdminSubscriptionActions" name="test_gift_months" time="0.107" /><testcase classname="tests.test_admin_providers.TestAdminSubscriptionActions" name="test_cancel_subscription" time="0.222" /><testcase classname="tests.test_admin_providers.TestAdminSubscriptionActions" name="test_invalid_subscription_action" time="0.107" /><testcase classname="tests.test_admin_providers.TestAdminSubscriptionActions" name="test_subscription_action_log" time="0.100" /><testcase classname="tests.test_admin_providers.TestProviderStatusAndSubscriptionIntegration" name="test_suspend_also_pauses_subscription" time="0.505" /></testsuite></testsuites>