<?xml version="1.0" encoding="utf-8"?><testsuites name="pytest tests"><testsuite name="pytest" errors="0" failures="0" skipped="0" tests="9" time="12.600" timestamp="2026-03-14T14:33:50.968724+00:00" hostname="agent-env-f73d65a7-5ca9-412a-accf-e3fedbdb104f"><testcase classname="backend.tests.test_xdconnects_import.TestXDConnectsLookup" name="test_lookup_invalid_reference_format" time="0.543" /><testcase classname="backend.tests.test_xdconnects_import.TestXDConnectsLookup" name="test_lookup_invalid_reference_format_numbers_only" time="0.148" /><testcase classname="backend.tests.test_xdconnects_import.TestXDConnectsLookup" name="test_lookup_valid_reference_p706" time="10.778" /><testcase classname="backend.tests.test_xdconnects_import.TestXDConnectsLookup" name="test_lookup_unauthorized_without_token" time="0.177" /><testcase classname="backend.tests.test_xdconnects_import.TestXDConnectsAddSingle" name="test_add_single_creates_product" time="0.139" /><testcase classname="backend.tests.test_xdconnects_import.TestXDConnectsAddSingle" name="test_add_single_duplicate_detection" time="0.304" /><testcase classname="backend.tests.test_xdconnects_import.TestXDConnectsAddSingle" name="test_add_single_unauthorized" time="0.134" /><testcase classname="backend.tests.test_xdconnects_import.TestXDConnectsProviderCatalog" name="test_catalog_shows_xdconnects_products" time="0.135" /><testcase classname="backend.tests.test_xdconnects_import.TestXDConnectsLookupDuplicateDetection" name="test_lookup_already_imported_returns_409" time="0.137" /></testsuite></testsuites>