<?xml version="1.0" encoding="utf-8"?><testsuites name="pytest tests"><testsuite name="pytest" errors="0" failures="0" skipped="0" tests="7" time="1.158" timestamp="2026-03-15T06:22:37.288959+00:00" hostname="agent-env-d6009e0c-c4f6-4f6d-9c10-77276c242b0c"><testcase classname="backend.tests.test_provided_items.TestProvidedItemsCreate" name="test_create_event_with_provided_items" time="0.521" /><testcase classname="backend.tests.test_provided_items.TestProvidedItemsCreate" name="test_create_event_with_empty_provided_items" time="0.047" /><testcase classname="backend.tests.test_provided_items.TestProvidedItemsCreate" name="test_create_event_with_custom_items" time="0.052" /><testcase classname="backend.tests.test_provided_items.TestProvidedItemsGet" name="test_get_event_returns_provided_items" time="0.109" /><testcase classname="backend.tests.test_provided_items.TestProvidedItemsUpdate" name="test_update_event_provided_items" time="0.135" /><testcase classname="backend.tests.test_provided_items.TestProvidedItemsUpdate" name="test_update_event_remove_items" time="0.153" /><testcase classname="backend.tests.test_provided_items.TestProvidedItemsWithTshirt" name="test_provides_tshirt_set_when_tshirt_in_items" time="0.046" /></testsuite></testsuites>