<?xml version="1.0" encoding="utf-8"?><testsuites name="pytest tests"><testsuite name="pytest" errors="0" failures="0" skipped="0" tests="17" time="12.750" timestamp="2026-03-15T08:01:35.727507+00:00" hostname="agent-env-d6009e0c-c4f6-4f6d-9c10-77276c242b0c"><testcase classname="backend.tests.test_payment_commission_receipt.TestPaymentLinkWithCommission" name="test_create_payment_link_5_percent_fee" time="0.824" /><testcase classname="backend.tests.test_payment_commission_receipt.TestPaymentLinkWithCommission" name="test_create_payment_link_various_amounts" time="1.306" /><testcase classname="backend.tests.test_payment_commission_receipt.TestPaymentLinkWithCommission" name="test_payment_link_updates_sponsor_with_fee_fields" time="0.752" /><testcase classname="backend.tests.test_payment_commission_receipt.TestPaymentLinkWithCommission" name="test_commission_stored_in_collection" time="0.687" /><testcase classname="backend.tests.test_payment_commission_receipt.TestConfirmPaymentAndReceipt" name="test_confirm_payment_generates_receipt" time="1.266" /><testcase classname="backend.tests.test_payment_commission_receipt.TestConfirmPaymentAndReceipt" name="test_confirm_payment_updates_sponsor_status" time="0.858" /><testcase classname="backend.tests.test_payment_commission_receipt.TestConfirmPaymentAndReceipt" name="test_confirm_payment_not_found_sponsor" time="0.413" /><testcase classname="backend.tests.test_payment_commission_receipt.TestConfirmPaymentAndReceipt" name="test_confirm_payment_requires_auth" time="0.417" /><testcase classname="backend.tests.test_payment_commission_receipt.TestFiscalReceiptPDF" name="test_download_pdf_receipt" time="1.232" /><testcase classname="backend.tests.test_payment_commission_receipt.TestFiscalReceiptPDF" name="test_pdf_not_found_for_unpaid" time="1.038" /><testcase classname="backend.tests.test_payment_commission_receipt.TestFiscalReceiptPDF" name="test_pdf_requires_auth" time="1.318" /><testcase classname="backend.tests.test_payment_commission_receipt.TestExistingSponsorsInDB" name="test_existing_paid_sponsor_has_receipt" time="0.435" /><testcase classname="backend.tests.test_payment_commission_receipt.TestExistingSponsorsInDB" name="test_pending_sponsor_can_be_confirmed" time="0.421" /><testcase classname="backend.tests.test_payment_commission_receipt.TestPaymentLinkValidation" name="test_create_link_missing_source_id" time="0.426" /><testcase classname="backend.tests.test_payment_commission_receipt.TestPaymentLinkValidation" name="test_create_link_zero_amount" time="0.424" /><testcase classname="backend.tests.test_payment_commission_receipt.TestPaymentLinkValidation" name="test_create_link_negative_amount" time="0.424" /><testcase classname="backend.tests.test_payment_commission_receipt.TestPaymentLinkValidation" name="test_create_link_requires_organizer_role" time="0.440" /></testsuite></testsuites>