<?xml version="1.0" encoding="utf-8"?><testsuites name="pytest tests"><testsuite name="pytest" errors="0" failures="0" skipped="0" tests="13" time="6.406" timestamp="2026-03-13T19:45:25.554515+00:00" hostname="agent-env-04170e55-2f45-4f25-9c23-b6b3cd6e6849"><testcase classname="tests.test_organizer_hub.TestOrganizerAllParticipants" name="test_get_all_participants" time="0.638" /><testcase classname="tests.test_organizer_hub.TestOrganizerAllParticipants" name="test_get_participants_with_event_filter" time="0.726" /><testcase classname="tests.test_organizer_hub.TestCorrespondancesEndpoints" name="test_get_correspondances" time="0.526" /><testcase classname="tests.test_organizer_hub.TestCorrespondancesEndpoints" name="test_send_correspondance_requires_message" time="0.529" /><testcase classname="tests.test_organizer_hub.TestCorrespondancesEndpoints" name="test_send_correspondance_success" time="0.721" /><testcase classname="tests.test_organizer_hub.TestCheckinMarkCollected" name="test_mark_collected_requires_registration_id" time="0.490" /><testcase classname="tests.test_organizer_hub.TestCheckinMarkCollected" name="test_mark_collected_invalid_registration" time="0.495" /><testcase classname="tests.test_organizer_hub.TestCheckinMarkCollected" name="test_mark_collected_success" time="0.699" /><testcase classname="tests.test_organizer_hub.TestOrganizerEventsEndpoint" name="test_get_organizer_events" time="0.509" /><testcase classname="tests.test_organizer_hub.TestUnauthorizedAccess" name="test_all_participants_unauthorized" time="0.142" /><testcase classname="tests.test_organizer_hub.TestUnauthorizedAccess" name="test_correspondances_unauthorized" time="0.172" /><testcase classname="tests.test_organizer_hub.TestUnauthorizedAccess" name="test_mark_collected_unauthorized" time="0.168" /><testcase classname="tests.test_organizer_hub.TestUnauthorizedAccess" name="test_participant_cannot_access_organizer_endpoints" time="0.528" /></testsuite></testsuites>