<?xml version="1.0" encoding="utf-8"?><testsuites name="pytest tests"><testsuite name="pytest" errors="0" failures="0" skipped="0" tests="17" time="4.932" timestamp="2026-03-15T13:50:11.198447+00:00" hostname="agent-env-ea5a6451-2dbe-4f1b-be06-19811455480c"><testcase classname="backend.tests.test_iter53_boracay_provider.TestIsMainPartner" name="test_main_partner_returns_true" time="0.499" /><testcase classname="backend.tests.test_iter53_boracay_provider.TestIsMainPartner" name="test_secondary_partner_returns_false" time="0.456" /><testcase classname="backend.tests.test_iter53_boracay_provider.TestIsMainPartner" name="test_old_partner_returns_false" time="0.475" /><testcase classname="backend.tests.test_iter53_boracay_provider.TestExternalProviderProducts" name="test_organizer_can_get_external_products" time="0.434" /><testcase classname="backend.tests.test_iter53_boracay_provider.TestExternalProviderProducts" name="test_external_products_exclude_main_partner" time="0.201" /><testcase classname="backend.tests.test_iter53_boracay_provider.TestExternalProviderProducts" name="test_provider_cannot_access_external_products" time="0.095" /><testcase classname="backend.tests.test_iter53_boracay_provider.TestCustomImportRequest" name="test_secondary_partner_can_request_custom_import" time="0.110" /><testcase classname="backend.tests.test_iter53_boracay_provider.TestCustomImportRequest" name="test_empty_message_rejected" time="0.108" /><testcase classname="backend.tests.test_iter53_boracay_provider.TestCustomImportRequest" name="test_organizer_cannot_request_custom_import" time="0.123" /><testcase classname="backend.tests.test_iter53_boracay_provider.TestBoracayImport" name="test_main_partner_can_get_boracay_categories" time="0.115" /><testcase classname="backend.tests.test_iter53_boracay_provider.TestBoracayImport" name="test_secondary_partner_can_get_boracay_categories" time="0.119" /><testcase classname="backend.tests.test_iter53_boracay_provider.TestBoracayImport" name="test_boracay_lookup_with_valid_url" time="1.163" /><testcase classname="backend.tests.test_iter53_boracay_provider.TestBoracayImport" name="test_boracay_lookup_invalid_url" time="0.101" /><testcase classname="backend.tests.test_iter53_boracay_provider.TestProviderCatalogCRUD" name="test_secondary_partner_can_create_product" time="0.133" /><testcase classname="backend.tests.test_iter53_boracay_provider.TestProviderCatalogCRUD" name="test_secondary_partner_can_view_catalog" time="0.145" /><testcase classname="backend.tests.test_iter53_boracay_provider.TestProviderCatalogCRUD" name="test_main_partner_can_create_product" time="0.100" /><testcase classname="backend.tests.test_iter53_boracay_provider.TestAdminMessagesCheck" name="test_admin_can_see_provider_messages" time="0.441" /></testsuite></testsuites>