<?xml version="1.0" encoding="utf-8"?><testsuites name="pytest tests"><testsuite name="pytest" errors="0" failures="0" skipped="0" tests="11" time="3.421" timestamp="2026-03-14T20:25:36.033897+00:00" hostname="agent-env-a66495f6-2a33-4035-82e7-f473d523d102"><testcase classname="backend.tests.test_phase_c_admin_commission.TestAdminCommissionsEndpoint" name="test_admin_commissions_requires_auth" time="0.266" /><testcase classname="backend.tests.test_phase_c_admin_commission.TestAdminCommissionsEndpoint" name="test_admin_commissions_requires_admin_role" time="0.492" /><testcase classname="backend.tests.test_phase_c_admin_commission.TestAdminCommissionsEndpoint" name="test_admin_commissions_returns_expected_structure" time="0.533" /><testcase classname="backend.tests.test_phase_c_admin_commission.TestAdminCommissionsEndpoint" name="test_admin_commissions_by_provider_structure" time="0.153" /><testcase classname="backend.tests.test_phase_c_admin_commission.TestAdminCommissionsEndpoint" name="test_admin_commissions_recent_orders_structure" time="0.132" /><testcase classname="backend.tests.test_phase_c_admin_commission.TestProviderStatsEndpoint" name="test_provider_stats_requires_auth" time="0.115" /><testcase classname="backend.tests.test_phase_c_admin_commission.TestProviderStatsEndpoint" name="test_provider_stats_returns_admin_commission" time="0.131" /><testcase classname="backend.tests.test_phase_c_admin_commission.TestProviderFinancialBreakdownEndpoint" name="test_financial_breakdown_requires_auth" time="0.170" /><testcase classname="backend.tests.test_phase_c_admin_commission.TestProviderFinancialBreakdownEndpoint" name="test_financial_breakdown_returns_admin_commission" time="0.149" /><testcase classname="backend.tests.test_phase_c_admin_commission.TestShopOrderAdminCommission" name="test_create_order_with_provider_product" time="1.033" /><testcase classname="backend.tests.test_phase_c_admin_commission.TestExistingOrdersMigration" name="test_admin_commission_totals_exist" time="0.146" /></testsuite></testsuites>