<?xml version="1.0" encoding="utf-8"?><testsuites name="pytest tests"><testsuite name="pytest" errors="0" failures="0" skipped="0" tests="13" time="3.649" timestamp="2026-03-14T07:41:15.416039+00:00" hostname="agent-env-4cc76395-3ad5-4dbf-ab88-cbe1717c6fd1"><testcase classname="backend.tests.test_toptex_bugs.TestTopTexLookupBugFix" name="test_lookup_pa4045_returns_valid_image" time="0.840" /><testcase classname="backend.tests.test_toptex_bugs.TestTopTexLookupBugFix" name="test_lookup_k356_returns_valid_image" time="0.389" /><testcase classname="backend.tests.test_toptex_bugs.TestTopTexLookupBugFix" name="test_lookup_invalid_reference" time="0.105" /><testcase classname="backend.tests.test_toptex_bugs.TestTopTexLookupBugFix" name="test_lookup_requires_auth" time="0.107" /><testcase classname="backend.tests.test_toptex_bugs.TestTopTexAddSingle" name="test_add_single_requires_auth" time="0.102" /><testcase classname="backend.tests.test_toptex_bugs.TestTopTexAddSingle" name="test_add_single_validates_product" time="0.149" /><testcase classname="backend.tests.test_toptex_bugs.TestPdfUploadBugFix" name="test_pdf_endpoint_requires_auth" time="0.100" /><testcase classname="backend.tests.test_toptex_bugs.TestPdfUploadBugFix" name="test_pdf_endpoint_validates_file_type" time="0.110" /><testcase classname="backend.tests.test_toptex_bugs.TestPdfUploadBugFix" name="test_pdf_status_endpoint_requires_auth" time="0.104" /><testcase classname="backend.tests.test_toptex_bugs.TestPdfUploadBugFix" name="test_pdf_status_handles_invalid_task_id" time="0.102" /><testcase classname="backend.tests.test_toptex_bugs.TestPdfUploadBugFix" name="test_pdf_upload_returns_task_id" time="1.234" /><testcase classname="backend.tests.test_toptex_bugs.TestConfirmImportEndpoint" name="test_confirm_requires_auth" time="0.105" /><testcase classname="backend.tests.test_toptex_bugs.TestConfirmImportEndpoint" name="test_confirm_validates_products" time="0.098" /></testsuite></testsuites>